\BOOKMARK [0][-]{chapter.1}{Compute module}{}% 1
\BOOKMARK [0][-]{chapter.2}{Config module}{}% 2
\BOOKMARK [0][-]{chapter.3}{GraphInfo module}{}% 3
\BOOKMARK [0][-]{chapter.4}{GraphInstatiator module}{}% 4
\BOOKMARK [0][-]{chapter.5}{Network module}{}% 5
\BOOKMARK [0][-]{chapter.6}{Orchestrator module}{}% 6
\BOOKMARK [0][-]{chapter.7}{PSAConf module}{}% 7
\BOOKMARK [0][-]{chapter.8}{PSAcreation module}{}% 8
\BOOKMARK [0][-]{chapter.9}{diskManager module}{}% 9
\BOOKMARK [0][-]{chapter.10}{libvirtManager module}{}% 10
\BOOKMARK [0][-]{chapter.11}{manifestManager module}{}% 11
\BOOKMARK [0][-]{chapter.12}{online\137workflow\137manager module}{}% 12
\BOOKMARK [0][-]{chapter.13}{parserXML module}{}% 13
\BOOKMARK [0][-]{chapter.14}{psar module}{}% 14
\BOOKMARK [0][-]{chapter.15}{psarClient module}{}% 15
\BOOKMARK [0][-]{chapter.16}{upr\137client module}{}% 16
\BOOKMARK [0][-]{chapter.17}{userTVD module}{}% 17
\BOOKMARK [0][-]{chapter.18}{userTVDIPSECLess module}{}% 18
\BOOKMARK [0][-]{chapter.19}{Indices and tables}{}% 19
\BOOKMARK [0][-]{section*.204}{Python Module Index}{}% 20
\BOOKMARK [0][-]{section*.205}{Index}{}% 21
